08/06/24 00:19:00 ******************************************************
08/06/24 00:19:00 ** condor_dagman (CONDOR_DAGMAN) STARTING UP
08/06/24 00:19:00 ** /usr/bin/condor_dagman
08/06/24 00:19:00 ** SubsystemInfo: name=DAGMAN type=DAGMAN(9) class=CLIENT(2)
08/06/24 00:19:00 ** Configuration: subsystem:DAGMAN local:<NONE> class:CLIENT
08/06/24 00:19:00 ** $CondorVersion: 23.8.1 2024-06-27 BuildID: 742100 PackageID: 23.8.1-1 GitSHA: 8cf018d1 $
08/06/24 00:19:00 ** $CondorPlatform: x86_64_AlmaLinux8 $
08/06/24 00:19:00 ** PID = 681578 RealUID = 47307
08/06/24 00:19:00 ** Log last touched time unavailable (No such file or directory)
08/06/24 00:19:00 ******************************************************
08/06/24 00:19:00 Using config source: /etc/condor/condor_config
08/06/24 00:19:00 Using local config sources: 
08/06/24 00:19:00    /etc/condor/config.d/00-htcondor-9.0.config
08/06/24 00:19:00    /etc/condor/config.d/00-ldas
08/06/24 00:19:00    /etc/condor/config.d/02-scheduler
08/06/24 00:19:00    /etc/condor/config.d/10-security
08/06/24 00:19:00    /etc/condor/config.d/10-stash-plugin.conf
08/06/24 00:19:00    /etc/condor/config.d/15-dagman-default-append-vars
08/06/24 00:19:00    /etc/condor/config.d/30-scratch-mount
08/06/24 00:19:00    /etc/condor/config.d/40-oauth-credmon.conf
08/06/24 00:19:00    /etc/condor/config.d/50-transfer-limits
08/06/24 00:19:00    /etc/condor/config.d/65-system-periodic-hold
08/06/24 00:19:00    /etc/condor/config.d/93-dagman-use-direct
08/06/24 00:19:00    /etc/condor/config.d/99-memory
08/06/24 00:19:00    /etc/condor/config.d/99-request-disk
08/06/24 00:19:00    /etc/condor/config.d/99-request-missing-units
08/06/24 00:19:00    /etc/condor/config.d/99-shared-port-descriptor
08/06/24 00:19:00    /etc/condor/config.d/99-transform
08/06/24 00:19:00    /etc/condor/condor_config.local
08/06/24 00:19:00 config Macros = 169, Sorted = 169, StringBytes = 7947, TablesBytes = 6252
08/06/24 00:19:00 CLASSAD_CACHING is ENABLED
08/06/24 00:19:00 Daemon Log is logging: D_ALWAYS D_ERROR D_STATUS
08/06/24 00:19:00 Daemoncore: Listening at <0.0.0.0:22485> on TCP (ReliSock) and UDP (SafeSock).
08/06/24 00:19:00 Daemoncore: Listening at <[::]:22485> on TCP (ReliSock) and UDP (SafeSock).
08/06/24 00:19:00 DaemonCore: command socket at <10.14.0.121:22485?addrs=10.14.0.121-22485+[fde1-53ba-e9a0-de11-c925-65-8543-e173]-22485&alias=ldas-pcdev12.ligo.caltech.edu>
08/06/24 00:19:00 DaemonCore: private command socket at <10.14.0.121:22485?addrs=10.14.0.121-22485+[fde1-53ba-e9a0-de11-c925-65-8543-e173]-22485&alias=ldas-pcdev12.ligo.caltech.edu>
08/06/24 00:19:00 DAGMAN_USE_STRICT setting: 1
08/06/24 00:19:00 DAGMAN_VERBOSITY setting: 3
08/06/24 00:19:00 DAGMAN_DEBUG_CACHE_SIZE setting: 5242880
08/06/24 00:19:00 DAGMAN_DEBUG_CACHE_ENABLE setting: True
08/06/24 00:19:00 DAGMAN_SUBMIT_DELAY setting: 0
08/06/24 00:19:00 DAGMAN_MAX_SUBMIT_ATTEMPTS setting: 6
08/06/24 00:19:00 DAGMAN_STARTUP_CYCLE_DETECT setting: False
08/06/24 00:19:00 DAGMAN_MAX_SUBMITS_PER_INTERVAL setting: 100
08/06/24 00:19:00 DAGMAN_AGGRESSIVE_SUBMIT setting: False
08/06/24 00:19:00 DAGMAN_USER_LOG_SCAN_INTERVAL setting: 5
08/06/24 00:19:00 DAGMAN_QUEUE_UPDATE_INTERVAL setting: 300
08/06/24 00:19:00 DAGMAN_DEFAULT_PRIORITY setting: 0
08/06/24 00:19:00 DAGMAN_SUPPRESS_NOTIFICATION setting: False
08/06/24 00:19:00 allow_events (DAGMAN_ALLOW_EVENTS) setting: 114
08/06/24 00:19:00 DAGMAN_RETRY_SUBMIT_FIRST setting: True
08/06/24 00:19:00 DAGMAN_RETRY_NODE_FIRST setting: False
08/06/24 00:19:00 DAGMAN_MAX_JOBS_IDLE setting: 1000
08/06/24 00:19:00 DAGMAN_MAX_JOBS_SUBMITTED setting: 12000
08/06/24 00:19:00 DAGMAN_MAX_PRE_SCRIPTS setting: 20
08/06/24 00:19:00 DAGMAN_MAX_POST_SCRIPTS setting: 20
08/06/24 00:19:00 DAGMAN_MAX_HOLD_SCRIPTS setting: 20
08/06/24 00:19:00 DAGMAN_MUNGE_NODE_NAMES setting: True
08/06/24 00:19:00 DAGMAN_PROHIBIT_MULTI_JOBS setting: False
08/06/24 00:19:00 DAGMAN_SUBMIT_DEPTH_FIRST setting: True
08/06/24 00:19:00 DAGMAN_ALWAYS_RUN_POST setting: False
08/06/24 00:19:00 DAGMAN_CONDOR_SUBMIT_EXE setting: /usr/bin/condor_submit
08/06/24 00:19:00 DAGMAN_CONDOR_RM_EXE setting: /usr/bin/condor_rm
08/06/24 00:19:00 DAGMAN_USE_DIRECT_SUBMIT setting: False
08/06/24 00:19:00 DAGMAN_DEFAULT_APPEND_VARS setting: True
08/06/24 00:19:00 DAGMAN_ABORT_DUPLICATES setting: True
08/06/24 00:19:00 DAGMAN_ABORT_ON_SCARY_SUBMIT setting: True
08/06/24 00:19:00 DAGMAN_PENDING_REPORT_INTERVAL setting: 600
08/06/24 00:19:00 DAGMAN_CHECK_QUEUE_INTERVAL setting: 28800
08/06/24 00:19:00 DAGMAN_AUTO_RESCUE setting: True
08/06/24 00:19:00 DAGMAN_MAX_RESCUE_NUM setting: 100
08/06/24 00:19:00 DAGMAN_WRITE_PARTIAL_RESCUE setting: True
08/06/24 00:19:00 DAGMAN_DEFAULT_NODE_LOG setting: @(DAG_DIR)/@(DAG_FILE).nodes.log
08/06/24 00:19:00 DAGMAN_GENERATE_SUBDAG_SUBMITS setting: True
08/06/24 00:19:00 DAGMAN_MAX_JOB_HOLDS setting: 100
08/06/24 00:19:00 DAGMAN_HOLD_CLAIM_TIME setting: 20
08/06/24 00:19:00 DAGMAN_SUPPRESS_JOB_LOGS setting: False
08/06/24 00:19:00 DAGMAN_REMOVE_NODE_JOBS setting: True
08/06/24 00:19:00 DAGMAN_REMOVE_JOBS_AFTER_LIMIT_CHANGE setting: False
08/06/24 00:19:00 DAGMAN will adjust edges after parsing
08/06/24 00:19:00 Enabling log line cache for increased NFS performance.
08/06/24 00:19:00 argv[0] == "condor_dagman"
08/06/24 00:19:00 No HTCondor ID available for DAGMan (running on command line?); DAG status will not be reported to ClassAd
08/06/24 00:19:00 No DAG file was specified
08/06/24 00:19:00 To view condor_dagman usage look at <DAG File>.lib.out
08/06/24 00:19:00 **** condor_dagman (condor_DAGMAN) pid 681578 EXITING WITH STATUS 1
