09:44 INFO    : bilby_version version: 2.2.2
09:44 INFO    : bilby_pipe_version version: 1.3.0
09:44 INFO    : parallel_bilby_version version: 2.0.2: (('CLEAN',)) b56d25b 2023-05-08 13:46:26 +1200
09:44 INFO    : dynesty_version version: 2.1.3
09:44 INFO    : lalsimulation_version version: 5.3.1
09:44 INFO    : Generation seed set to 0
09:44 INFO    : Injecting waveform with 
09:44 INFO    : minimum_frequency = 23.0
09:44 INFO    : maximum_frequency = 2048.0
09:44 INFO    : trigger_time = 0.0
09:44 INFO    : start_time = -2.0
09:44 INFO    : duration = 4.0
09:44 INFO    : Setting H1 PSD from file ../psds/psd.txt
09:44 INFO    : Setting L1 PSD from file ../psds/psd.txt
09:44 INFO    : Setting V1 PSD from file ../psds/psd_virgo.txt
09:44 INFO    : Simulating strain data from psd-colored noise
09:44 INFO    : Using waveform arguments: {'reference_frequency': 20.0, 'waveform_approximant': 'IMRPhenomD', 'minimum_frequency': 23.0, 'maximum_frequency': 2048.0, 'catch_waveform_errors': True, 'pn_spin_order': -1, 'pn_tidal_order': -1, 'pn_phase_order': -1, 'pn_amplitude_order': 0, 'mode_array': None, 'numerical_relativity_file': None}
09:44 INFO    : Waveform generator initiated with
  frequency_domain_source_model: bilby.gw.source.lal_binary_black_hole_relative_binning
  time_domain_source_model: None
  parameter_conversion: bilby.gw.conversion.convert_to_lal_binary_black_hole_parameters
09:44 INFO    : Injected signal in H1:
09:44 INFO    :   optimal SNR = 17.71
09:44 INFO    :   matched filter SNR = 17.93-1.48j
09:44 INFO    :   chirp_mass = 31.369616873214543
09:44 INFO    :   mass_ratio = 0.9236611301180065
09:44 INFO    :   a_1 = 0.7179511276269483
09:44 INFO    :   a_2 = 0.15457694613025194
09:44 INFO    :   tilt_1 = 0.0
09:44 INFO    :   tilt_2 = 0.0
09:44 INFO    :   phi_12 = 0.0
09:44 INFO    :   phi_jl = 0.0
09:44 INFO    :   luminosity_distance = 2000.0
09:44 INFO    :   dec = 0.1
09:44 INFO    :   ra = 0.1
09:44 INFO    :   theta_jn = 0.1
09:44 INFO    :   psi = 0.1
09:44 INFO    :   phase = 0.1
09:44 INFO    :   geocent_time = 0.0
09:44 INFO    :   fiducial = 1.0
09:44 INFO    : Injected signal in L1:
09:44 INFO    :   optimal SNR = 21.14
09:44 INFO    :   matched filter SNR = 21.58+1.21j
09:44 INFO    :   chirp_mass = 31.369616873214543
09:44 INFO    :   mass_ratio = 0.9236611301180065
09:44 INFO    :   a_1 = 0.7179511276269483
09:44 INFO    :   a_2 = 0.15457694613025194
09:44 INFO    :   tilt_1 = 0.0
09:44 INFO    :   tilt_2 = 0.0
09:44 INFO    :   phi_12 = 0.0
09:44 INFO    :   phi_jl = 0.0
09:44 INFO    :   luminosity_distance = 2000.0
09:44 INFO    :   dec = 0.1
09:44 INFO    :   ra = 0.1
09:44 INFO    :   theta_jn = 0.1
09:44 INFO    :   psi = 0.1
09:44 INFO    :   phase = 0.1
09:44 INFO    :   geocent_time = 0.0
09:44 INFO    :   fiducial = 1.0
09:44 INFO    : Injected signal in V1:
09:44 INFO    :   optimal SNR = 9.36
09:44 INFO    :   matched filter SNR = 10.37-1.32j
09:44 INFO    :   chirp_mass = 31.369616873214543
09:44 INFO    :   mass_ratio = 0.9236611301180065
09:44 INFO    :   a_1 = 0.7179511276269483
09:44 INFO    :   a_2 = 0.15457694613025194
09:44 INFO    :   tilt_1 = 0.0
09:44 INFO    :   tilt_2 = 0.0
09:44 INFO    :   phi_12 = 0.0
09:44 INFO    :   phi_jl = 0.0
09:44 INFO    :   luminosity_distance = 2000.0
09:44 INFO    :   dec = 0.1
09:44 INFO    :   ra = 0.1
09:44 INFO    :   theta_jn = 0.1
09:44 INFO    :   psi = 0.1
09:44 INFO    :   phase = 0.1
09:44 INFO    :   geocent_time = 0.0
09:44 INFO    :   fiducial = 1.0
09:44 INFO    : Waveform generator initiated with
  frequency_domain_source_model: bilby.gw.source.lal_binary_black_hole_relative_binning
  time_domain_source_model: None
  parameter_conversion: bilby.gw.conversion.convert_to_lal_binary_black_hole_parameters
09:44 INFO    : Waveform generator initiated with
  frequency_domain_source_model: bilby.gw.source.lal_binary_black_hole_relative_binning
  time_domain_source_model: None
  parameter_conversion: bilby.gw.conversion.convert_to_lal_binary_black_hole_parameters
09:44 INFO    : Setting up likelihood with marginalizations: distance=False, time=False, phase=False.
09:44 INFO    : Setting sampling-seed=350492
09:44 INFO    : prior-file save at outdir/out_bbh_0/data/bbh_0_prior.json
09:44 INFO    : Initial meta_data ={
  "command_line_args": "{'nlive': 1000, 'dlogz': 0.1, 'n_effective': inf, 'dynesty_sample': 'acceptance-walk', 'dynesty_bound': 'live', 'walks': 100, 'proposals': None, 'maxmcmc': 5000, 'nact': 2, 'naccept': 60, 'min_eff': 10, 'facc': 0.5, 'enlarge': 1.5, 'n_check_point': 1000, 'max_its': 10000000000, 'max_run_time': 10000000000.0, 'fast_mpi': False, 'mpi_timing': False, 'mpi_timing_interval': 0, 'nestcheck': False, 'rejection_sample_posterior': True, 'bilby_zero_likelihood_mode': False, 'sampling_seed': None, 'clean': False, 'no_plot': False, 'do_not_save_bounds_in_resume': True, 'check_point_deltaT': 3600, 'rotate_checkpoints': False, 'ini': 'bbh_0.ini', 'verbose': False, 'calibration_model': None, 'spline_calibration_envelope_dict': None, 'spline_calibration_nodes': 10, 'spline_calibration_amplitude_uncertainty_dict': None, 'spline_calibration_phase_uncertainty_dict': None, 'calibration_prior_boundary': 'reflective', 'ignore_gwpy_data_quality_check': True, 'gps_tuple': None, 'gps_file': None, 'timeslide_file': None, 'timeslide_dict': None, 'trigger_time': '0', 'n_simulation': 0, 'data_dict': None, 'data_format': None, 'allow_tape': True, 'channel_dict': None, 'frame_type_dict': None, 'data_find_url': 'https://datafind.ligo.org', 'data_find_urltype': 'osdf', 'gaussian_noise': True, 'zero_noise': False, 'coherence_test': False, 'detectors': ['H1', 'L1', 'V1'], 'duration': 4.0, 'generation_seed': 0, 'psd_dict': '{H1=\"../psds/psd.txt\", L1=\"../psds/psd.txt\", V1=\"../psds/psd_virgo.txt\"}', 'psd_fractional_overlap': 0.5, 'post_trigger_duration': 2.0, 'sampling_frequency': 4096, 'psd_length': 32, 'psd_maximum_duration': 1024, 'psd_method': 'median', 'psd_start_time': None, 'maximum_frequency': '2048.0', 'minimum_frequency': '23.0', 'tukey_roll_off': 0.4, 'resampling_method': 'lal', 'injection': True, 'injection_dict': \"{'chirp_mass': 31.369616873214543, 'mass_ratio': 0.9236611301180065, 'a_1': 0.7179511276269483, 'a_2': 0.15457694613025194, 'tilt_1': 0.0, 'tilt_2': 0.0, 'phi_12': 0.0, 'phi_jl': 0.0, 'luminosity_distance': 2000, 'dec': 0.1, 'ra': 0.1, 'theta_jn': 0.1, 'psi': 0.1, 'phase': 0.1, 'geocent_time': 0.0, 'fiducial': 1}\", 'injection_file': None, 'injection_numbers': None, 'injection_waveform_approximant': None, 'injection_frequency_domain_source_model': None, 'injection_waveform_arguments': None, 'accounting_user': None, 'label': 'bbh_0', 'outdir': './outdir/out_bbh_0', 'overwrite_outdir': False, 'periodic_restart_time': 28800, 'request_disk': 5, 'conda_env': None, 'scheduler_analysis_time': '7-00:00:00', 'submit': False, 'condor_job_priority': 0, 'additional_transfer_paths': None, 'environment_variables': None, 'getenv': None, 'disable_hdf5_locking': False, 'log_directory': None, 'desired_sites': None, 'analysis_executable': None, 'analysis_executable_parser': None, 'calibration_marginalization': False, 'distance_marginalization': False, 'distance_marginalization_lookup_table': None, 'phase_marginalization': False, 'time_marginalization': False, 'jitter_time': False, 'reference_frame': 'sky', 'time_reference': 'geocent', 'likelihood_type': 'bilby.gw.likelihood.GravitationalWaveTransient', 'calibration_lookup_table': None, 'number_of_response_curves': 1000, 'roq_folder': None, 'roq_linear_matrix': None, 'roq_quadratic_matrix': None, 'roq_weights': None, 'roq_weight_format': 'hdf5', 'roq_scale_factor': 1, 'fiducial_parameters': None, 'update_fiducial_parameters': False, 'epsilon': 0.025, 'extra_likelihood_kwargs': '{}', 'plot_trace': False, 'plot_data': False, 'plot_injection': False, 'plot_spectrogram': False, 'create_summary': False, 'notification': 'Never', 'queue': None, 'existing_dir': None, 'webdir': None, 'summarypages_arguments': None, 'result_format': 'hdf5', 'final_result': True, 'final_result_nsamples': 20000, 'default_prior': 'BBHPriorDict', 'deltaT': 0.2, 'prior_file': './datafiles/bbh.prior', 'prior_dict': None, 'enforce_signal_duration': True, 'single_postprocessing_executable': None, 'single_postprocessing_arguments': None, 'n_parallel': 1, 'reweighting_configuration': None, 'reweight_nested_samples': True, 'waveform_generator': 'bilby.gw.waveform_generator.LALCBCWaveformGenerator', 'reference_frequency': 20, 'waveform_approximant': 'IMRPhenomD', 'catch_waveform_errors': True, 'pn_spin_order': -1, 'pn_tidal_order': -1, 'pn_phase_order': -1, 'pn_amplitude_order': 0, 'numerical_relativity_file': None, 'waveform_arguments_dict': None, 'mode_array': None, 'frequency_domain_source_model': 'lal_binary_black_hole_relative_binning', 'conversion_function': 'convert_to_lal_binary_black_hole_parameters', 'generation_function': None, 'sampler': 'dynesty', 'nodes': 1, 'ntasks_per_node': 2, 'time': '24:00:00', 'mem_per_cpu': '2G', 'extra_lines': None, 'slurm_extra_lines': None, 'idx': 0, 'data_dump_file': None, 'accounting': None, 'local': False, 'local_generation': False, 'local_plot': False, 'request_memory': 8.0, 'request_memory_generation': None, 'request_cpus': 1, 'scheduler': 'condor', 'scheduler_args': None, 'scheduler_module': None, 'scheduler_env': None, 'transfer_files': True, 'osg': False, 'plot_calibration': False, 'plot_corner': False, 'plot_marginal': False, 'plot_skymap': False, 'plot_waveform': False, 'plot_format': 'png', 'email': None, 'postprocessing_executable': None, 'postprocessing_arguments': None, 'sampler_kwargs': 'DynestyDefault'}",
  "unknown_command_line_args": "[]",
  "injection_parameters": "{'chirp_mass': 31.369616873214543, 'mass_ratio': 0.9236611301180065, 'a_1': 0.7179511276269483, 'a_2': 0.15457694613025194, 'tilt_1': 0.0, 'tilt_2': 0.0, 'phi_12': 0.0, 'phi_jl': 0.0, 'luminosity_distance': 2000.0, 'dec': 0.1, 'ra': 0.1, 'theta_jn': 0.1, 'psi': 0.1, 'phase': 0.1, 'geocent_time': 0.0, 'fiducial': 1.0}",
  "bilby_version": "2.2.2",
  "bilby_pipe_version": "1.3.0",
  "config_file": "bbh_0.ini",
  "data_dump_file": "outdir/out_bbh_0/data/bbh_0_data_dump.pickle",
  "parallel_bilby_version": "2.0.2: (('CLEAN',)) b56d25b 2023-05-08 13:46:26 +1200",
  "dynesty_version": "2.1.3",
  "lalsimulation_version": "5.3.1"
}
09:44 INFO    : Complete ini written: outdir/out_bbh_0/bbh_0_config_complete.ini
09:44 INFO    : Setup complete, now run:
 $ bash outdir/out_bbh_0/submit/bash_bbh_0.sh
09:46 INFO    : bilby_version version: 2.2.2
09:46 INFO    : bilby_pipe_version version: 1.3.0
09:46 INFO    : parallel_bilby_version version: 2.0.2: (('CLEAN',)) b56d25b 2023-05-08 13:46:26 +1200
09:46 INFO    : dynesty_version version: 2.1.3
09:46 INFO    : lalsimulation_version version: 5.3.1
09:46 INFO    : Generation seed set to 0
09:46 INFO    : Injecting waveform with 
09:46 INFO    : minimum_frequency = 23.0
09:46 INFO    : maximum_frequency = 2048.0
09:46 INFO    : trigger_time = 0.0
09:46 INFO    : start_time = -2.0
09:46 INFO    : duration = 4.0
09:46 INFO    : Setting H1 PSD from file ../psds/psd.txt
09:46 INFO    : Setting L1 PSD from file ../psds/psd.txt
09:46 INFO    : Setting V1 PSD from file ../psds/psd_virgo.txt
09:46 INFO    : Simulating strain data from psd-colored noise
09:46 INFO    : Using waveform arguments: {'reference_frequency': 20.0, 'waveform_approximant': 'IMRPhenomD', 'minimum_frequency': 23.0, 'maximum_frequency': 2048.0, 'catch_waveform_errors': True, 'pn_spin_order': -1, 'pn_tidal_order': -1, 'pn_phase_order': -1, 'pn_amplitude_order': 0, 'mode_array': None, 'numerical_relativity_file': None}
09:46 INFO    : Waveform generator initiated with
  frequency_domain_source_model: bilby.gw.source.lal_binary_black_hole
  time_domain_source_model: None
  parameter_conversion: bilby.gw.conversion.convert_to_lal_binary_black_hole_parameters
09:46 INFO    : Injected signal in H1:
09:46 INFO    :   optimal SNR = 17.71
09:46 INFO    :   matched filter SNR = 17.93-1.48j
09:46 INFO    :   chirp_mass = 31.369616873214543
09:46 INFO    :   mass_ratio = 0.9236611301180065
09:46 INFO    :   a_1 = 0.7179511276269483
09:46 INFO    :   a_2 = 0.15457694613025194
09:46 INFO    :   tilt_1 = 0.0
09:46 INFO    :   tilt_2 = 0.0
09:46 INFO    :   phi_12 = 0.0
09:46 INFO    :   phi_jl = 0.0
09:46 INFO    :   luminosity_distance = 2000.0
09:46 INFO    :   dec = 0.1
09:46 INFO    :   ra = 0.1
09:46 INFO    :   theta_jn = 0.1
09:46 INFO    :   psi = 0.1
09:46 INFO    :   phase = 0.1
09:46 INFO    :   geocent_time = 0.0
09:46 INFO    :   fiducial = 1.0
09:46 INFO    : Injected signal in L1:
09:46 INFO    :   optimal SNR = 21.14
09:46 INFO    :   matched filter SNR = 21.58+1.21j
09:46 INFO    :   chirp_mass = 31.369616873214543
09:46 INFO    :   mass_ratio = 0.9236611301180065
09:46 INFO    :   a_1 = 0.7179511276269483
09:46 INFO    :   a_2 = 0.15457694613025194
09:46 INFO    :   tilt_1 = 0.0
09:46 INFO    :   tilt_2 = 0.0
09:46 INFO    :   phi_12 = 0.0
09:46 INFO    :   phi_jl = 0.0
09:46 INFO    :   luminosity_distance = 2000.0
09:46 INFO    :   dec = 0.1
09:46 INFO    :   ra = 0.1
09:46 INFO    :   theta_jn = 0.1
09:46 INFO    :   psi = 0.1
09:46 INFO    :   phase = 0.1
09:46 INFO    :   geocent_time = 0.0
09:46 INFO    :   fiducial = 1.0
09:46 INFO    : Injected signal in V1:
09:46 INFO    :   optimal SNR = 9.36
09:46 INFO    :   matched filter SNR = 10.37-1.32j
09:46 INFO    :   chirp_mass = 31.369616873214543
09:46 INFO    :   mass_ratio = 0.9236611301180065
09:46 INFO    :   a_1 = 0.7179511276269483
09:46 INFO    :   a_2 = 0.15457694613025194
09:46 INFO    :   tilt_1 = 0.0
09:46 INFO    :   tilt_2 = 0.0
09:46 INFO    :   phi_12 = 0.0
09:46 INFO    :   phi_jl = 0.0
09:46 INFO    :   luminosity_distance = 2000.0
09:46 INFO    :   dec = 0.1
09:46 INFO    :   ra = 0.1
09:46 INFO    :   theta_jn = 0.1
09:46 INFO    :   psi = 0.1
09:46 INFO    :   phase = 0.1
09:46 INFO    :   geocent_time = 0.0
09:46 INFO    :   fiducial = 1.0
09:46 INFO    : Waveform generator initiated with
  frequency_domain_source_model: bilby.gw.source.lal_binary_black_hole
  time_domain_source_model: None
  parameter_conversion: bilby.gw.conversion.convert_to_lal_binary_black_hole_parameters
09:46 INFO    : Waveform generator initiated with
  frequency_domain_source_model: bilby.gw.source.lal_binary_black_hole
  time_domain_source_model: None
  parameter_conversion: bilby.gw.conversion.convert_to_lal_binary_black_hole_parameters
09:46 INFO    : Setting up likelihood with marginalizations: distance=False, time=False, phase=False.
09:46 INFO    : Setting sampling-seed=819236
09:46 INFO    : prior-file save at outdir/out_bbh_0/data/bbh_0_prior.json
09:46 INFO    : Initial meta_data ={
  "command_line_args": "{'nlive': 1000, 'dlogz': 0.1, 'n_effective': inf, 'dynesty_sample': 'acceptance-walk', 'dynesty_bound': 'live', 'walks': 100, 'proposals': None, 'maxmcmc': 5000, 'nact': 2, 'naccept': 60, 'min_eff': 10, 'facc': 0.5, 'enlarge': 1.5, 'n_check_point': 1000, 'max_its': 10000000000, 'max_run_time': 10000000000.0, 'fast_mpi': False, 'mpi_timing': False, 'mpi_timing_interval': 0, 'nestcheck': False, 'rejection_sample_posterior': True, 'bilby_zero_likelihood_mode': False, 'sampling_seed': None, 'clean': False, 'no_plot': False, 'do_not_save_bounds_in_resume': True, 'check_point_deltaT': 3600, 'rotate_checkpoints': False, 'ini': 'bbh_0.ini', 'verbose': False, 'calibration_model': None, 'spline_calibration_envelope_dict': None, 'spline_calibration_nodes': 10, 'spline_calibration_amplitude_uncertainty_dict': None, 'spline_calibration_phase_uncertainty_dict': None, 'calibration_prior_boundary': 'reflective', 'ignore_gwpy_data_quality_check': True, 'gps_tuple': None, 'gps_file': None, 'timeslide_file': None, 'timeslide_dict': None, 'trigger_time': '0', 'n_simulation': 0, 'data_dict': None, 'data_format': None, 'allow_tape': True, 'channel_dict': None, 'frame_type_dict': None, 'data_find_url': 'https://datafind.ligo.org', 'data_find_urltype': 'osdf', 'gaussian_noise': True, 'zero_noise': False, 'coherence_test': False, 'detectors': ['H1', 'L1', 'V1'], 'duration': 4.0, 'generation_seed': 0, 'psd_dict': '{H1=\"../psds/psd.txt\", L1=\"../psds/psd.txt\", V1=\"../psds/psd_virgo.txt\"}', 'psd_fractional_overlap': 0.5, 'post_trigger_duration': 2.0, 'sampling_frequency': 4096, 'psd_length': 32, 'psd_maximum_duration': 1024, 'psd_method': 'median', 'psd_start_time': None, 'maximum_frequency': '2048.0', 'minimum_frequency': '23.0', 'tukey_roll_off': 0.4, 'resampling_method': 'lal', 'injection': True, 'injection_dict': \"{'chirp_mass': 31.369616873214543, 'mass_ratio': 0.9236611301180065, 'a_1': 0.7179511276269483, 'a_2': 0.15457694613025194, 'tilt_1': 0.0, 'tilt_2': 0.0, 'phi_12': 0.0, 'phi_jl': 0.0, 'luminosity_distance': 2000, 'dec': 0.1, 'ra': 0.1, 'theta_jn': 0.1, 'psi': 0.1, 'phase': 0.1, 'geocent_time': 0.0, 'fiducial': 1}\", 'injection_file': None, 'injection_numbers': None, 'injection_waveform_approximant': None, 'injection_frequency_domain_source_model': None, 'injection_waveform_arguments': None, 'accounting_user': None, 'label': 'bbh_0', 'outdir': './outdir/out_bbh_0', 'overwrite_outdir': False, 'periodic_restart_time': 28800, 'request_disk': 5, 'conda_env': None, 'scheduler_analysis_time': '7-00:00:00', 'submit': False, 'condor_job_priority': 0, 'additional_transfer_paths': None, 'environment_variables': None, 'getenv': None, 'disable_hdf5_locking': False, 'log_directory': None, 'desired_sites': None, 'analysis_executable': None, 'analysis_executable_parser': None, 'calibration_marginalization': False, 'distance_marginalization': False, 'distance_marginalization_lookup_table': None, 'phase_marginalization': False, 'time_marginalization': False, 'jitter_time': False, 'reference_frame': 'sky', 'time_reference': 'geocent', 'likelihood_type': 'bilby.gw.likelihood.GravitationalWaveTransient', 'calibration_lookup_table': None, 'number_of_response_curves': 1000, 'roq_folder': None, 'roq_linear_matrix': None, 'roq_quadratic_matrix': None, 'roq_weights': None, 'roq_weight_format': 'hdf5', 'roq_scale_factor': 1, 'fiducial_parameters': None, 'update_fiducial_parameters': False, 'epsilon': 0.025, 'extra_likelihood_kwargs': '{}', 'plot_trace': False, 'plot_data': False, 'plot_injection': False, 'plot_spectrogram': False, 'create_summary': False, 'notification': 'Never', 'queue': None, 'existing_dir': None, 'webdir': None, 'summarypages_arguments': None, 'result_format': 'hdf5', 'final_result': True, 'final_result_nsamples': 20000, 'default_prior': 'BBHPriorDict', 'deltaT': 0.2, 'prior_file': './datafiles/bbh.prior', 'prior_dict': None, 'enforce_signal_duration': True, 'single_postprocessing_executable': None, 'single_postprocessing_arguments': None, 'n_parallel': 1, 'reweighting_configuration': None, 'reweight_nested_samples': True, 'waveform_generator': 'bilby.gw.waveform_generator.LALCBCWaveformGenerator', 'reference_frequency': 20, 'waveform_approximant': 'IMRPhenomD', 'catch_waveform_errors': True, 'pn_spin_order': -1, 'pn_tidal_order': -1, 'pn_phase_order': -1, 'pn_amplitude_order': 0, 'numerical_relativity_file': None, 'waveform_arguments_dict': None, 'mode_array': None, 'frequency_domain_source_model': 'lal_binary_black_hole', 'conversion_function': 'convert_to_lal_binary_black_hole_parameters', 'generation_function': None, 'sampler': 'dynesty', 'nodes': 1, 'ntasks_per_node': 2, 'time': '24:00:00', 'mem_per_cpu': '2G', 'extra_lines': None, 'slurm_extra_lines': None, 'idx': 0, 'data_dump_file': None, 'accounting': None, 'local': False, 'local_generation': False, 'local_plot': False, 'request_memory': 8.0, 'request_memory_generation': None, 'request_cpus': 1, 'scheduler': 'condor', 'scheduler_args': None, 'scheduler_module': None, 'scheduler_env': None, 'transfer_files': True, 'osg': False, 'plot_calibration': False, 'plot_corner': False, 'plot_marginal': False, 'plot_skymap': False, 'plot_waveform': False, 'plot_format': 'png', 'email': None, 'postprocessing_executable': None, 'postprocessing_arguments': None, 'sampler_kwargs': 'DynestyDefault'}",
  "unknown_command_line_args": "[]",
  "injection_parameters": "{'chirp_mass': 31.369616873214543, 'mass_ratio': 0.9236611301180065, 'a_1': 0.7179511276269483, 'a_2': 0.15457694613025194, 'tilt_1': 0.0, 'tilt_2': 0.0, 'phi_12': 0.0, 'phi_jl': 0.0, 'luminosity_distance': 2000.0, 'dec': 0.1, 'ra': 0.1, 'theta_jn': 0.1, 'psi': 0.1, 'phase': 0.1, 'geocent_time': 0.0, 'fiducial': 1.0}",
  "bilby_version": "2.2.2",
  "bilby_pipe_version": "1.3.0",
  "config_file": "bbh_0.ini",
  "data_dump_file": "outdir/out_bbh_0/data/bbh_0_data_dump.pickle",
  "parallel_bilby_version": "2.0.2: (('CLEAN',)) b56d25b 2023-05-08 13:46:26 +1200",
  "dynesty_version": "2.1.3",
  "lalsimulation_version": "5.3.1"
}
09:46 INFO    : Complete ini written: outdir/out_bbh_0/bbh_0_config_complete.ini
09:46 INFO    : Setup complete, now run:
 $ bash outdir/out_bbh_0/submit/bash_bbh_0.sh
09:06 INFO    : bilby_version version: 2.2.2
09:06 INFO    : bilby_pipe_version version: 1.3.0
09:06 INFO    : parallel_bilby_version version: 2.0.2: (('CLEAN',)) b56d25b 2023-05-08 13:46:26 +1200
09:06 INFO    : dynesty_version version: 2.1.3
09:06 INFO    : lalsimulation_version version: 5.3.1
09:06 INFO    : Generation seed set to 0
09:06 INFO    : Injecting waveform with 
09:06 INFO    : minimum_frequency = 23.0
09:06 INFO    : maximum_frequency = 2048.0
09:06 INFO    : trigger_time = 0.0
09:06 INFO    : start_time = -2.0
09:06 INFO    : duration = 4.0
09:06 INFO    : Setting H1 PSD from file ../psds/psd.txt
09:06 INFO    : Setting L1 PSD from file ../psds/psd.txt
09:06 INFO    : Setting V1 PSD from file ../psds/psd_virgo.txt
09:06 INFO    : Simulating strain data from psd-colored noise
09:06 INFO    : Using waveform arguments: {'reference_frequency': 20.0, 'waveform_approximant': 'IMRPhenomD', 'minimum_frequency': 23.0, 'maximum_frequency': 2048.0, 'catch_waveform_errors': True, 'pn_spin_order': -1, 'pn_tidal_order': -1, 'pn_phase_order': -1, 'pn_amplitude_order': 0, 'mode_array': None, 'numerical_relativity_file': None}
09:06 INFO    : Waveform generator initiated with
  frequency_domain_source_model: bilby.gw.source.lal_binary_black_hole
  time_domain_source_model: None
  parameter_conversion: bilby.gw.conversion.convert_to_lal_binary_black_hole_parameters
09:06 INFO    : Injected signal in H1:
09:06 INFO    :   optimal SNR = 17.71
09:06 INFO    :   matched filter SNR = 17.93-1.48j
09:06 INFO    :   chirp_mass = 31.369616873214543
09:06 INFO    :   mass_ratio = 0.9236611301180065
09:06 INFO    :   a_1 = 0.7179511276269483
09:06 INFO    :   a_2 = 0.15457694613025194
09:06 INFO    :   tilt_1 = 0.0
09:06 INFO    :   tilt_2 = 0.0
09:06 INFO    :   phi_12 = 0.0
09:06 INFO    :   phi_jl = 0.0
09:06 INFO    :   luminosity_distance = 2000.0
09:06 INFO    :   dec = 0.1
09:06 INFO    :   ra = 0.1
09:06 INFO    :   theta_jn = 0.1
09:06 INFO    :   psi = 0.1
09:06 INFO    :   phase = 0.1
09:06 INFO    :   geocent_time = 0.0
09:06 INFO    :   fiducial = 1.0
09:06 INFO    : Injected signal in L1:
09:06 INFO    :   optimal SNR = 21.14
09:06 INFO    :   matched filter SNR = 21.58+1.21j
09:06 INFO    :   chirp_mass = 31.369616873214543
09:06 INFO    :   mass_ratio = 0.9236611301180065
09:06 INFO    :   a_1 = 0.7179511276269483
09:06 INFO    :   a_2 = 0.15457694613025194
09:06 INFO    :   tilt_1 = 0.0
09:06 INFO    :   tilt_2 = 0.0
09:06 INFO    :   phi_12 = 0.0
09:06 INFO    :   phi_jl = 0.0
09:06 INFO    :   luminosity_distance = 2000.0
09:06 INFO    :   dec = 0.1
09:06 INFO    :   ra = 0.1
09:06 INFO    :   theta_jn = 0.1
09:06 INFO    :   psi = 0.1
09:06 INFO    :   phase = 0.1
09:06 INFO    :   geocent_time = 0.0
09:06 INFO    :   fiducial = 1.0
09:06 INFO    : Injected signal in V1:
09:06 INFO    :   optimal SNR = 9.36
09:06 INFO    :   matched filter SNR = 10.37-1.32j
09:06 INFO    :   chirp_mass = 31.369616873214543
09:06 INFO    :   mass_ratio = 0.9236611301180065
09:06 INFO    :   a_1 = 0.7179511276269483
09:06 INFO    :   a_2 = 0.15457694613025194
09:06 INFO    :   tilt_1 = 0.0
09:06 INFO    :   tilt_2 = 0.0
09:06 INFO    :   phi_12 = 0.0
09:06 INFO    :   phi_jl = 0.0
09:06 INFO    :   luminosity_distance = 2000.0
09:06 INFO    :   dec = 0.1
09:06 INFO    :   ra = 0.1
09:06 INFO    :   theta_jn = 0.1
09:06 INFO    :   psi = 0.1
09:06 INFO    :   phase = 0.1
09:06 INFO    :   geocent_time = 0.0
09:06 INFO    :   fiducial = 1.0
09:06 INFO    : Waveform generator initiated with
  frequency_domain_source_model: bilby.gw.source.lal_binary_black_hole
  time_domain_source_model: None
  parameter_conversion: bilby.gw.conversion.convert_to_lal_binary_black_hole_parameters
09:06 INFO    : Waveform generator initiated with
  frequency_domain_source_model: bilby.gw.source.lal_binary_black_hole
  time_domain_source_model: None
  parameter_conversion: bilby.gw.conversion.convert_to_lal_binary_black_hole_parameters
09:06 INFO    : Setting up likelihood with marginalizations: distance=False, time=False, phase=False.
09:06 INFO    : Setting sampling-seed=113080
09:06 INFO    : prior-file save at outdir/out_bbh_0/data/bbh_0_prior.json
09:06 INFO    : Initial meta_data ={
  "command_line_args": "{'nlive': 1000, 'dlogz': 0.1, 'n_effective': inf, 'dynesty_sample': 'acceptance-walk', 'dynesty_bound': 'live', 'walks': 100, 'proposals': None, 'maxmcmc': 5000, 'nact': 50, 'naccept': 60, 'min_eff': 10, 'facc': 0.5, 'enlarge': 1.5, 'n_check_point': 1000, 'max_its': 10000000000, 'max_run_time': 10000000000.0, 'fast_mpi': False, 'mpi_timing': False, 'mpi_timing_interval': 0, 'nestcheck': False, 'rejection_sample_posterior': True, 'bilby_zero_likelihood_mode': False, 'sampling_seed': None, 'clean': False, 'no_plot': False, 'do_not_save_bounds_in_resume': True, 'check_point_deltaT': 3600, 'rotate_checkpoints': False, 'ini': 'bbh_0.ini', 'verbose': False, 'calibration_model': None, 'spline_calibration_envelope_dict': None, 'spline_calibration_nodes': 10, 'spline_calibration_amplitude_uncertainty_dict': None, 'spline_calibration_phase_uncertainty_dict': None, 'calibration_prior_boundary': 'reflective', 'ignore_gwpy_data_quality_check': True, 'gps_tuple': None, 'gps_file': None, 'timeslide_file': None, 'timeslide_dict': None, 'trigger_time': '0', 'n_simulation': 0, 'data_dict': None, 'data_format': None, 'allow_tape': True, 'channel_dict': None, 'frame_type_dict': None, 'data_find_url': 'https://datafind.ligo.org', 'data_find_urltype': 'osdf', 'gaussian_noise': True, 'zero_noise': False, 'coherence_test': False, 'detectors': ['H1', 'L1', 'V1'], 'duration': 4.0, 'generation_seed': 0, 'psd_dict': '{H1=\"../psds/psd.txt\", L1=\"../psds/psd.txt\", V1=\"../psds/psd_virgo.txt\"}', 'psd_fractional_overlap': 0.5, 'post_trigger_duration': 2.0, 'sampling_frequency': 4096, 'psd_length': 32, 'psd_maximum_duration': 1024, 'psd_method': 'median', 'psd_start_time': None, 'maximum_frequency': '2048.0', 'minimum_frequency': '23.0', 'tukey_roll_off': 0.4, 'resampling_method': 'lal', 'injection': True, 'injection_dict': \"{'chirp_mass': 31.369616873214543, 'mass_ratio': 0.9236611301180065, 'a_1': 0.7179511276269483, 'a_2': 0.15457694613025194, 'tilt_1': 0.0, 'tilt_2': 0.0, 'phi_12': 0.0, 'phi_jl': 0.0, 'luminosity_distance': 2000, 'dec': 0.1, 'ra': 0.1, 'theta_jn': 0.1, 'psi': 0.1, 'phase': 0.1, 'geocent_time': 0.0, 'fiducial': 1}\", 'injection_file': None, 'injection_numbers': None, 'injection_waveform_approximant': None, 'injection_frequency_domain_source_model': None, 'injection_waveform_arguments': None, 'accounting_user': None, 'label': 'bbh_0', 'outdir': './outdir/out_bbh_0', 'overwrite_outdir': False, 'periodic_restart_time': 28800, 'request_disk': 5, 'conda_env': None, 'scheduler_analysis_time': '7-00:00:00', 'submit': False, 'condor_job_priority': 0, 'additional_transfer_paths': None, 'environment_variables': None, 'getenv': None, 'disable_hdf5_locking': False, 'log_directory': None, 'desired_sites': None, 'analysis_executable': None, 'analysis_executable_parser': None, 'calibration_marginalization': False, 'distance_marginalization': False, 'distance_marginalization_lookup_table': None, 'phase_marginalization': False, 'time_marginalization': False, 'jitter_time': False, 'reference_frame': 'sky', 'time_reference': 'geocent', 'likelihood_type': 'bilby.gw.likelihood.GravitationalWaveTransient', 'calibration_lookup_table': None, 'number_of_response_curves': 1000, 'roq_folder': None, 'roq_linear_matrix': None, 'roq_quadratic_matrix': None, 'roq_weights': None, 'roq_weight_format': 'hdf5', 'roq_scale_factor': 1, 'fiducial_parameters': None, 'update_fiducial_parameters': False, 'epsilon': 0.025, 'extra_likelihood_kwargs': '{}', 'plot_trace': False, 'plot_data': False, 'plot_injection': False, 'plot_spectrogram': False, 'create_summary': False, 'notification': 'Never', 'queue': None, 'existing_dir': None, 'webdir': None, 'summarypages_arguments': None, 'result_format': 'hdf5', 'final_result': True, 'final_result_nsamples': 20000, 'default_prior': 'BBHPriorDict', 'deltaT': 0.2, 'prior_file': './datafiles/bbh.prior', 'prior_dict': None, 'enforce_signal_duration': True, 'single_postprocessing_executable': None, 'single_postprocessing_arguments': None, 'n_parallel': 1, 'reweighting_configuration': None, 'reweight_nested_samples': True, 'waveform_generator': 'bilby.gw.waveform_generator.LALCBCWaveformGenerator', 'reference_frequency': 20, 'waveform_approximant': 'IMRPhenomD', 'catch_waveform_errors': True, 'pn_spin_order': -1, 'pn_tidal_order': -1, 'pn_phase_order': -1, 'pn_amplitude_order': 0, 'numerical_relativity_file': None, 'waveform_arguments_dict': None, 'mode_array': None, 'frequency_domain_source_model': 'lal_binary_black_hole', 'conversion_function': 'convert_to_lal_binary_black_hole_parameters', 'generation_function': None, 'sampler': 'dynesty', 'nodes': 1, 'ntasks_per_node': 2, 'time': '24:00:00', 'mem_per_cpu': '2G', 'extra_lines': None, 'slurm_extra_lines': None, 'idx': 0, 'data_dump_file': None, 'accounting': None, 'local': False, 'local_generation': False, 'local_plot': False, 'request_memory': 8.0, 'request_memory_generation': None, 'request_cpus': 1, 'scheduler': 'condor', 'scheduler_args': None, 'scheduler_module': None, 'scheduler_env': None, 'transfer_files': True, 'osg': False, 'plot_calibration': False, 'plot_corner': False, 'plot_marginal': False, 'plot_skymap': False, 'plot_waveform': False, 'plot_format': 'png', 'email': None, 'postprocessing_executable': None, 'postprocessing_arguments': None, 'sampler_kwargs': 'DynestyDefault'}",
  "unknown_command_line_args": "[]",
  "injection_parameters": "{'chirp_mass': 31.369616873214543, 'mass_ratio': 0.9236611301180065, 'a_1': 0.7179511276269483, 'a_2': 0.15457694613025194, 'tilt_1': 0.0, 'tilt_2': 0.0, 'phi_12': 0.0, 'phi_jl': 0.0, 'luminosity_distance': 2000.0, 'dec': 0.1, 'ra': 0.1, 'theta_jn': 0.1, 'psi': 0.1, 'phase': 0.1, 'geocent_time': 0.0, 'fiducial': 1.0}",
  "bilby_version": "2.2.2",
  "bilby_pipe_version": "1.3.0",
  "config_file": "bbh_0.ini",
  "data_dump_file": "outdir/out_bbh_0/data/bbh_0_data_dump.pickle",
  "parallel_bilby_version": "2.0.2: (('CLEAN',)) b56d25b 2023-05-08 13:46:26 +1200",
  "dynesty_version": "2.1.3",
  "lalsimulation_version": "5.3.1"
}
09:06 INFO    : Complete ini written: outdir/out_bbh_0/bbh_0_config_complete.ini
09:06 INFO    : Setup complete, now run:
 $ bash outdir/out_bbh_0/submit/bash_bbh_0.sh
