15:51 bilby_pipe WARNING : You do not have nds2 (python-nds2-client) installed. You may  experience problems accessing interferometer data.
15:51 bilby_pipe WARNING : You do not have LDAStools.frameCPP (python-ldas-tools-framecpp) installed. You may experience problems accessing interferometer data.
15:51 bilby INFO    : bilby_version version: 2.2.2
15:51 bilby INFO    : bilby_pipe_version version: 1.3.0
15:51 bilby INFO    : parallel_bilby_version version: 2.0.2: (('CLEAN',)) b56d25b 2023-05-08 13:46:26 +1200
15:51 bilby INFO    : dynesty_version version: 2.1.3
15:51 bilby INFO    : lalsimulation_version version: 5.3.1
15:51 bilby_pipe INFO    : Command line arguments: Namespace(nlive=1000, dlogz=0.1, n_effective=inf, dynesty_sample='acceptance-walk', dynesty_bound='live', walks=100, proposals=None, maxmcmc=5000, nact=20, naccept=60, min_eff=10, facc=0.5, enlarge=1.5, n_check_point=1000, max_its=10000000000, max_run_time=10000000000.0, fast_mpi=False, mpi_timing=False, mpi_timing_interval=0, nestcheck=False, rejection_sample_posterior=True, bilby_zero_likelihood_mode=False, sampling_seed=None, clean=False, no_plot=False, do_not_save_bounds_in_resume=True, check_point_deltaT=3600, rotate_checkpoints=False, ini='bbh_2.ini', verbose=False, calibration_model=None, spline_calibration_envelope_dict=None, spline_calibration_nodes=10, spline_calibration_amplitude_uncertainty_dict=None, spline_calibration_phase_uncertainty_dict=None, calibration_prior_boundary='reflective', ignore_gwpy_data_quality_check=True, gps_tuple=None, gps_file=None, timeslide_file=None, timeslide_dict=None, trigger_time='0', n_simulation=0, data_dict=None, data_format=None, allow_tape=True, channel_dict=None, frame_type_dict=None, data_find_url='https://datafind.ligo.org', data_find_urltype='osdf', gaussian_noise=True, zero_noise=False, coherence_test=False, detectors=['H1', 'L1', 'V1'], duration=4.0, generation_seed=2, psd_dict='{H1="../psds/psd.txt", L1="../psds/psd.txt", V1="../psds/psd_virgo.txt"}', psd_fractional_overlap=0.5, post_trigger_duration=2.0, sampling_frequency=4096, psd_length=32, psd_maximum_duration=1024, psd_method='median', psd_start_time=None, maximum_frequency='1024', minimum_frequency='23', tukey_roll_off=0.4, resampling_method='lal', injection=True, injection_dict=None, injection_file='./datafiles/bbh_injections.json', injection_numbers=['2'], injection_waveform_approximant=None, injection_frequency_domain_source_model=None, injection_waveform_arguments=None, accounting_user=None, label='bbh_2', outdir='./outdir/out_bbh_2', overwrite_outdir=False, periodic_restart_time=28800, request_disk=5, conda_env=None, scheduler_analysis_time='7-00:00:00', submit=False, condor_job_priority=0, additional_transfer_paths=None, environment_variables=None, getenv=None, disable_hdf5_locking=False, log_directory=None, desired_sites=None, analysis_executable=None, analysis_executable_parser=None, calibration_marginalization=False, distance_marginalization=False, distance_marginalization_lookup_table=None, phase_marginalization=False, time_marginalization=False, jitter_time=False, reference_frame='sky', time_reference='geocent', likelihood_type='GravitationalWaveTransient', calibration_lookup_table=None, number_of_response_curves=1000, roq_folder=None, roq_linear_matrix=None, roq_quadratic_matrix=None, roq_weights=None, roq_weight_format='hdf5', roq_scale_factor=1, fiducial_parameters=None, update_fiducial_parameters=False, epsilon=0.025, extra_likelihood_kwargs=None, plot_trace=False, plot_data=False, plot_injection=False, plot_spectrogram=False, create_summary=False, notification='Never', queue=None, existing_dir=None, webdir=None, summarypages_arguments=None, result_format='hdf5', final_result=True, final_result_nsamples=20000, default_prior='BBHPriorDict', deltaT=0.2, prior_file='./datafiles/bbh.prior', prior_dict=None, enforce_signal_duration=True, single_postprocessing_executable=None, single_postprocessing_arguments=None, n_parallel=1, reweighting_configuration=None, reweight_nested_samples=True, waveform_generator='bilby.gw.waveform_generator.LALCBCWaveformGenerator', reference_frequency=20, waveform_approximant='TaylorF2', catch_waveform_errors=True, pn_spin_order=-1, pn_tidal_order=-1, pn_phase_order=-1, pn_amplitude_order=0, numerical_relativity_file=None, waveform_arguments_dict=None, mode_array=None, frequency_domain_source_model='lal_binary_black_hole', conversion_function=None, generation_function=None, sampler='dynesty', nodes=1, ntasks_per_node=2, time='24:00:00', mem_per_cpu='2G', extra_lines=None, slurm_extra_lines=None, idx=0, data_dump_file=None, accounting=None, local=False, local_generation=False, local_plot=False, request_memory=8.0, request_memory_generation=None, request_cpus=1, scheduler='condor', scheduler_args=None, scheduler_module=None, scheduler_env=None, transfer_files=True, osg=False, plot_calibration=False, plot_corner=False, plot_marginal=False, plot_skymap=False, plot_waveform=False, plot_format='png', email=None, postprocessing_executable=None, postprocessing_arguments=None, sampler_kwargs='DynestyDefault')
15:51 bilby_pipe INFO    : Unknown command line arguments: []
15:51 bilby INFO    : Generation seed set to 2
15:51 bilby_pipe INFO    : PSD duration set to 128.0s, 32x the duration 4.0s
15:51 bilby INFO    : Injecting waveform with 
15:51 bilby INFO    : minimum_frequency = 23.0
15:51 bilby INFO    : maximum_frequency = 1024.0
15:51 bilby INFO    : trigger_time = 0.0
15:51 bilby INFO    : start_time = -2.0
15:51 bilby INFO    : duration = 4.0
15:51 bilby INFO    : Setting H1 PSD from file ../psds/psd.txt
15:51 bilby INFO    : Setting L1 PSD from file ../psds/psd.txt
15:51 bilby INFO    : Setting V1 PSD from file ../psds/psd_virgo.txt
15:51 bilby INFO    : Simulating strain data from psd-colored noise
15:51 bilby INFO    : Using waveform arguments: {'reference_frequency': 20.0, 'waveform_approximant': 'TaylorF2', 'minimum_frequency': 23.0, 'maximum_frequency': 1024.0, 'catch_waveform_errors': True, 'pn_spin_order': -1, 'pn_tidal_order': -1, 'pn_phase_order': -1, 'pn_amplitude_order': 0, 'mode_array': None, 'numerical_relativity_file': None}
15:51 bilby INFO    : Waveform generator initiated with
  frequency_domain_source_model: bilby.gw.source.lal_binary_black_hole
  time_domain_source_model: None
  parameter_conversion: bilby.gw.conversion.convert_to_lal_binary_black_hole_parameters
15:51 bilby INFO    : Injected signal in H1:
15:51 bilby INFO    :   optimal SNR = 28.27
15:51 bilby INFO    :   matched filter SNR = 27.51+0.39j
15:51 bilby INFO    :   mass_1 = 12.868146675533628
15:51 bilby INFO    :   mass_2 = 61.06475926887989
15:51 bilby INFO    :   a_1 = 0.7545157633970611
15:51 bilby INFO    :   a_2 = 0.4764858738192007
15:51 bilby INFO    :   tilt_1 = 0.0
15:51 bilby INFO    :   tilt_2 = 0.0
15:51 bilby INFO    :   phi_12 = 0.0
15:51 bilby INFO    :   phi_jl = 0.0
15:51 bilby INFO    :   luminosity_distance = 1000.0
15:51 bilby INFO    :   dec = 0.0
15:51 bilby INFO    :   ra = 0.0
15:51 bilby INFO    :   theta_jn = 0.0
15:51 bilby INFO    :   psi = 0.0
15:51 bilby INFO    :   phase = 0.0
15:51 bilby INFO    :   geocent_time = 0.0
15:51 bilby INFO    : Injected signal in L1:
15:51 bilby INFO    :   optimal SNR = 33.46
15:51 bilby INFO    :   matched filter SNR = 32.83-0.31j
15:51 bilby INFO    :   mass_1 = 12.868146675533628
15:51 bilby INFO    :   mass_2 = 61.06475926887989
15:51 bilby INFO    :   a_1 = 0.7545157633970611
15:51 bilby INFO    :   a_2 = 0.4764858738192007
15:51 bilby INFO    :   tilt_1 = 0.0
15:51 bilby INFO    :   tilt_2 = 0.0
15:51 bilby INFO    :   phi_12 = 0.0
15:51 bilby INFO    :   phi_jl = 0.0
15:51 bilby INFO    :   luminosity_distance = 1000.0
15:51 bilby INFO    :   dec = 0.0
15:51 bilby INFO    :   ra = 0.0
15:51 bilby INFO    :   theta_jn = 0.0
15:51 bilby INFO    :   psi = 0.0
15:51 bilby INFO    :   phase = 0.0
15:51 bilby INFO    :   geocent_time = 0.0
15:51 bilby INFO    : Injected signal in V1:
15:51 bilby INFO    :   optimal SNR = 16.56
15:51 bilby INFO    :   matched filter SNR = 17.59+0.66j
15:51 bilby INFO    :   mass_1 = 12.868146675533628
15:51 bilby INFO    :   mass_2 = 61.06475926887989
15:51 bilby INFO    :   a_1 = 0.7545157633970611
15:51 bilby INFO    :   a_2 = 0.4764858738192007
15:51 bilby INFO    :   tilt_1 = 0.0
15:51 bilby INFO    :   tilt_2 = 0.0
15:51 bilby INFO    :   phi_12 = 0.0
15:51 bilby INFO    :   phi_jl = 0.0
15:51 bilby INFO    :   luminosity_distance = 1000.0
15:51 bilby INFO    :   dec = 0.0
15:51 bilby INFO    :   ra = 0.0
15:51 bilby INFO    :   theta_jn = 0.0
15:51 bilby INFO    :   psi = 0.0
15:51 bilby INFO    :   phase = 0.0
15:51 bilby INFO    :   geocent_time = 0.0
15:51 bilby INFO    : Waveform generator initiated with
  frequency_domain_source_model: bilby.gw.source.lal_binary_black_hole
  time_domain_source_model: None
  parameter_conversion: bilby.gw.conversion.convert_to_lal_binary_black_hole_parameters
15:51 bilby INFO    : Waveform generator initiated with
  frequency_domain_source_model: bilby.gw.source.lal_binary_black_hole
  time_domain_source_model: None
  parameter_conversion: bilby.gw.conversion.convert_to_lal_binary_black_hole_parameters
15:51 bilby INFO    : Setting up likelihood with marginalizations: distance=False, time=False, phase=False.
15:51 bilby INFO    : Setting sampling-seed=966837
15:51 bilby INFO    : prior-file save at outdir/out_bbh_2/data/bbh_2_prior.json
15:51 bilby INFO    : Initial meta_data ={
  "command_line_args": "{'nlive': 1000, 'dlogz': 0.1, 'n_effective': inf, 'dynesty_sample': 'acceptance-walk', 'dynesty_bound': 'live', 'walks': 100, 'proposals': None, 'maxmcmc': 5000, 'nact': 20, 'naccept': 60, 'min_eff': 10, 'facc': 0.5, 'enlarge': 1.5, 'n_check_point': 1000, 'max_its': 10000000000, 'max_run_time': 10000000000.0, 'fast_mpi': False, 'mpi_timing': False, 'mpi_timing_interval': 0, 'nestcheck': False, 'rejection_sample_posterior': True, 'bilby_zero_likelihood_mode': False, 'sampling_seed': None, 'clean': False, 'no_plot': False, 'do_not_save_bounds_in_resume': True, 'check_point_deltaT': 3600, 'rotate_checkpoints': False, 'ini': 'bbh_2.ini', 'verbose': False, 'calibration_model': None, 'spline_calibration_envelope_dict': None, 'spline_calibration_nodes': 10, 'spline_calibration_amplitude_uncertainty_dict': None, 'spline_calibration_phase_uncertainty_dict': None, 'calibration_prior_boundary': 'reflective', 'ignore_gwpy_data_quality_check': True, 'gps_tuple': None, 'gps_file': None, 'timeslide_file': None, 'timeslide_dict': None, 'trigger_time': '0', 'n_simulation': 0, 'data_dict': None, 'data_format': None, 'allow_tape': True, 'channel_dict': None, 'frame_type_dict': None, 'data_find_url': 'https://datafind.ligo.org', 'data_find_urltype': 'osdf', 'gaussian_noise': True, 'zero_noise': False, 'coherence_test': False, 'detectors': ['H1', 'L1', 'V1'], 'duration': 4.0, 'generation_seed': 2, 'psd_dict': '{H1=\"../psds/psd.txt\", L1=\"../psds/psd.txt\", V1=\"../psds/psd_virgo.txt\"}', 'psd_fractional_overlap': 0.5, 'post_trigger_duration': 2.0, 'sampling_frequency': 4096, 'psd_length': 32, 'psd_maximum_duration': 1024, 'psd_method': 'median', 'psd_start_time': None, 'maximum_frequency': '1024', 'minimum_frequency': '23', 'tukey_roll_off': 0.4, 'resampling_method': 'lal', 'injection': True, 'injection_dict': None, 'injection_file': './datafiles/bbh_injections.json', 'injection_numbers': ['2'], 'injection_waveform_approximant': None, 'injection_frequency_domain_source_model': None, 'injection_waveform_arguments': None, 'accounting_user': None, 'label': 'bbh_2', 'outdir': './outdir/out_bbh_2', 'overwrite_outdir': False, 'periodic_restart_time': 28800, 'request_disk': 5, 'conda_env': None, 'scheduler_analysis_time': '7-00:00:00', 'submit': False, 'condor_job_priority': 0, 'additional_transfer_paths': None, 'environment_variables': None, 'getenv': None, 'disable_hdf5_locking': False, 'log_directory': None, 'desired_sites': None, 'analysis_executable': None, 'analysis_executable_parser': None, 'calibration_marginalization': False, 'distance_marginalization': False, 'distance_marginalization_lookup_table': None, 'phase_marginalization': False, 'time_marginalization': False, 'jitter_time': False, 'reference_frame': 'sky', 'time_reference': 'geocent', 'likelihood_type': 'GravitationalWaveTransient', 'calibration_lookup_table': None, 'number_of_response_curves': 1000, 'roq_folder': None, 'roq_linear_matrix': None, 'roq_quadratic_matrix': None, 'roq_weights': None, 'roq_weight_format': 'hdf5', 'roq_scale_factor': 1, 'fiducial_parameters': None, 'update_fiducial_parameters': False, 'epsilon': 0.025, 'extra_likelihood_kwargs': None, 'plot_trace': False, 'plot_data': False, 'plot_injection': False, 'plot_spectrogram': False, 'create_summary': False, 'notification': 'Never', 'queue': None, 'existing_dir': None, 'webdir': None, 'summarypages_arguments': None, 'result_format': 'hdf5', 'final_result': True, 'final_result_nsamples': 20000, 'default_prior': 'BBHPriorDict', 'deltaT': 0.2, 'prior_file': './datafiles/bbh.prior', 'prior_dict': None, 'enforce_signal_duration': True, 'single_postprocessing_executable': None, 'single_postprocessing_arguments': None, 'n_parallel': 1, 'reweighting_configuration': None, 'reweight_nested_samples': True, 'waveform_generator': 'bilby.gw.waveform_generator.LALCBCWaveformGenerator', 'reference_frequency': 20, 'waveform_approximant': 'TaylorF2', 'catch_waveform_errors': True, 'pn_spin_order': -1, 'pn_tidal_order': -1, 'pn_phase_order': -1, 'pn_amplitude_order': 0, 'numerical_relativity_file': None, 'waveform_arguments_dict': None, 'mode_array': None, 'frequency_domain_source_model': 'lal_binary_black_hole', 'conversion_function': None, 'generation_function': None, 'sampler': 'dynesty', 'nodes': 1, 'ntasks_per_node': 2, 'time': '24:00:00', 'mem_per_cpu': '2G', 'extra_lines': None, 'slurm_extra_lines': None, 'idx': 0, 'data_dump_file': None, 'accounting': None, 'local': False, 'local_generation': False, 'local_plot': False, 'request_memory': 8.0, 'request_memory_generation': None, 'request_cpus': 1, 'scheduler': 'condor', 'scheduler_args': None, 'scheduler_module': None, 'scheduler_env': None, 'transfer_files': True, 'osg': False, 'plot_calibration': False, 'plot_corner': False, 'plot_marginal': False, 'plot_skymap': False, 'plot_waveform': False, 'plot_format': 'png', 'email': None, 'postprocessing_executable': None, 'postprocessing_arguments': None, 'sampler_kwargs': 'DynestyDefault'}",
  "unknown_command_line_args": "[]",
  "injection_parameters": "{'mass_1': 12.868146675533628, 'mass_2': 61.06475926887989, 'a_1': 0.7545157633970611, 'a_2': 0.4764858738192007, 'tilt_1': 0.0, 'tilt_2': 0.0, 'phi_12': 0.0, 'phi_jl': 0.0, 'luminosity_distance': 1000.0, 'dec': 0.0, 'ra': 0.0, 'theta_jn': 0.0, 'psi': 0.0, 'phase': 0.0, 'geocent_time': 0.0}",
  "bilby_version": "2.2.2",
  "bilby_pipe_version": "1.3.0",
  "config_file": "bbh_2.ini",
  "data_dump_file": "outdir/out_bbh_2/data/bbh_2_data_dump.pickle",
  "parallel_bilby_version": "2.0.2: (('CLEAN',)) b56d25b 2023-05-08 13:46:26 +1200",
  "dynesty_version": "2.1.3",
  "lalsimulation_version": "5.3.1"
}
15:51 bilby INFO    : Complete ini written: outdir/out_bbh_2/bbh_2_config_complete.ini
15:51 bilby INFO    : Setup complete, now run:
 $ bash outdir/out_bbh_2/submit/bash_bbh_2.sh
